{"uuid":"f82aa952-6d0d-475a-9553-94e3aef33e60","historyId":"88aab11877af4497aac3fb237816942d","fullName":"api.APITest.checkJsonSchema","labels":[{"name":"package","value":"api.APITest"},{"name":"testClass","value":"api.APITest"},{"name":"testMethod","value":"checkJsonSchema"},{"name":"parentSuite","value":"Default Suite"},{"name":"suite","value":"testFramework1"},{"name":"subSuite","value":"api.APITest"},{"name":"host","value":"LAPTOP-AD30JUIB"},{"name":"thread","value":"20296@LAPTOP-AD30JUIB.main(1)"},{"name":"framework","value":"testng"},{"name":"language","value":"java"}],"links":[],"name":"checkJsonSchema","status":"broken","statusDetails":{"known":false,"muted":false,"flaky":false,"message":"java.io.FileNotFoundException: C:\\Users\\daryn\\Downloads\\Diploma-CodeToReview\\testFramework1\\src\\main\\resources\\validators\\np_address_schema.json (The system cannot find the path specified)","trace":"io.restassured.module.jsv.JsonSchemaValidationException: java.io.FileNotFoundException: C:\\Users\\daryn\\Downloads\\Diploma-CodeToReview\\testFramework1\\src\\main\\resources\\validators\\np_address_schema.json (The system cannot find the path specified)\r\n\tat io.restassured.module.jsv.JsonSchemaValidator$JsonSchemaValidatorFactory.create(JsonSchemaValidator.java:286)\r\n\tat io.restassured.module.jsv.JsonSchemaValidator.matchesJsonSchema(JsonSchemaValidator.java:157)\r\n\tat api.APITest.checkJsonSchema(APITest.java:68)\r\n\tat java.base/jdk.internal.reflect.NativeMethodAccessorImpl.invoke0(Native Method)\r\n\tat java.base/jdk.internal.reflect.NativeMethodAccessorImpl.invoke(NativeMethodAccessorImpl.java:77)\r\n\tat java.base/jdk.internal.reflect.DelegatingMethodAccessorImpl.invoke(DelegatingMethodAccessorImpl.java:43)\r\n\tat java.base/java.lang.reflect.Method.invoke(Method.java:568)\r\n\tat org.testng.internal.MethodInvocationHelper.invokeMethod(MethodInvocationHelper.java:86)\r\n\tat org.testng.internal.Invoker.invokeMethod(Invoker.java:643)\r\n\tat org.testng.internal.Invoker.invokeTestMethod(Invoker.java:820)\r\n\tat org.testng.internal.Invoker.invokeTestMethods(Invoker.java:1128)\r\n\tat org.testng.internal.TestMethodWorker.invokeTestMethods(TestMethodWorker.java:129)\r\n\tat org.testng.internal.TestMethodWorker.run(TestMethodWorker.java:112)\r\n\tat org.testng.TestRunner.privateRun(TestRunner.java:782)\r\n\tat org.testng.TestRunner.run(TestRunner.java:632)\r\n\tat org.testng.SuiteRunner.runTest(SuiteRunner.java:366)\r\n\tat org.testng.SuiteRunner.runSequentially(SuiteRunner.java:361)\r\n\tat org.testng.SuiteRunner.privateRun(SuiteRunner.java:319)\r\n\tat org.testng.SuiteRunner.run(SuiteRunner.java:268)\r\n\tat org.testng.SuiteRunnerWorker.runSuite(SuiteRunnerWorker.java:52)\r\n\tat org.testng.SuiteRunnerWorker.run(SuiteRunnerWorker.java:86)\r\n\tat org.testng.TestNG.runSuitesSequentially(TestNG.java:1244)\r\n\tat org.testng.TestNG.runSuitesLocally(TestNG.java:1169)\r\n\tat org.testng.TestNG.run(TestNG.java:1064)\r\n\tat com.intellij.rt.testng.IDEARemoteTestNG.run(IDEARemoteTestNG.java:66)\r\n\tat com.intellij.rt.testng.RemoteTestNGStarter.main(RemoteTestNGStarter.java:109)\r\nCaused by: java.io.FileNotFoundException: C:\\Users\\daryn\\Downloads\\Diploma-CodeToReview\\testFramework1\\src\\main\\resources\\validators\\np_address_schema.json (The system cannot find the path specified)\r\n\tat java.base/java.io.FileInputStream.open0(Native Method)\r\n\tat java.base/java.io.FileInputStream.open(FileInputStream.java:216)\r\n\tat java.base/java.io.FileInputStream.<init>(FileInputStream.java:157)\r\n\tat com.github.fge.jackson.JsonLoader.fromFile(JsonLoader.java:174)\r\n\tat io.restassured.module.jsv.JsonSchemaValidator$3.createSchemaInstance(JsonSchemaValidator.java:155)\r\n\tat io.restassured.module.jsv.JsonSchemaValidator$3.createSchemaInstance(JsonSchemaValidator.java:152)\r\n\tat io.restassured.module.jsv.JsonSchemaValidator$JsonSchemaValidatorFactory.create(JsonSchemaValidator.java:284)\r\n\t... 25 more\r\n"},"stage":"finished","steps":[],"attachments":[],"parameters":[],"start":1703515844443,"stop":1703515846085}